<?xml version="1.0" encoding="UTF-8"?>
<robot generator="Robot 4.0 (Python 3.10.5 on win32)" generated="20220630 23:30:02.587" rpa="false" schemaversion="2">
<suite id="s1" name="Intercompany Test" source="D:\Users\Cursos\Faculdade\Univesp\Ciencia de dados\pi-semestr6\testerobotframework\intercompany_test.robot">
<test id="s1-t1" name="Caso de Teste 1 - Validar Login">
<kw name="Abrir o navegador" library="intercompany_resources" type="SETUP">
<arg>${LOGIN URL}</arg>
<arg>${BROWSER}</arg>
<arg>${OPTIONS}</arg>
<arg>${filename}</arg>
<kw name="Open Browser" library="Selenium2Library">
<arg>${LOGIN URL}</arg>
<arg>${BROWSER}</arg>
<arg>options=${OPTIONS}</arg>
<doc>Opens a new browser instance to the optional ``url``.</doc>
<msg timestamp="20220630 23:30:02.823" level="INFO">Opening browser 'chrome' to base url 'https://intercompany.herokuapp.com/index.php'.</msg>
<status status="PASS" starttime="20220630 23:30:02.823" endtime="20220630 23:30:10.412"/>
</kw>
<kw name="Title Should Be" library="Selenium2Library">
<arg>Intercompany</arg>
<doc>Verifies that the current page title equals ``title``.</doc>
<msg timestamp="20220630 23:30:10.416" level="INFO">Page title is 'Intercompany'.</msg>
<status status="PASS" starttime="20220630 23:30:10.412" endtime="20220630 23:30:10.416"/>
</kw>
<kw name="Capture Page Screenshot" library="Selenium2Library">
<arg>filename=${filename}</arg>
<doc>Takes a screenshot of the current page and embeds it into a log file.</doc>
<msg timestamp="20220630 23:30:10.471" level="INFO" html="true">&lt;/td&gt;&lt;/tr&gt;&lt;tr&gt;&lt;td colspan="3"&gt;&lt;a href="selenium-screenshot-1.png"&gt;&lt;img src="selenium-screenshot-1.png" width="800px"&gt;&lt;/a&gt;</msg>
<status status="PASS" starttime="20220630 23:30:10.416" endtime="20220630 23:30:10.471"/>
</kw>
<status status="PASS" starttime="20220630 23:30:02.822" endtime="20220630 23:30:10.471"/>
</kw>
<kw name="Inserir Usuario" library="intercompany_resources">
<arg>${username}</arg>
<arg>${filename}</arg>
<kw name="Input Text" library="Selenium2Library">
<arg>user-name</arg>
<arg>${username}</arg>
<doc>Types the given ``text`` into the text field identified by ``locator``.</doc>
<msg timestamp="20220630 23:30:10.473" level="INFO">Typing text 'joao@gioio.com.br' into text field 'user-name'.</msg>
<status status="PASS" starttime="20220630 23:30:10.473" endtime="20220630 23:30:10.556"/>
</kw>
<kw name="Capture Page Screenshot" library="Selenium2Library">
<arg>${filename}</arg>
<doc>Takes a screenshot of the current page and embeds it into a log file.</doc>
<msg timestamp="20220630 23:30:10.640" level="INFO" html="true">&lt;/td&gt;&lt;/tr&gt;&lt;tr&gt;&lt;td colspan="3"&gt;&lt;a href="selenium-screenshot-2.png"&gt;&lt;img src="selenium-screenshot-2.png" width="800px"&gt;&lt;/a&gt;</msg>
<status status="PASS" starttime="20220630 23:30:10.556" endtime="20220630 23:30:10.640"/>
</kw>
<status status="PASS" starttime="20220630 23:30:10.472" endtime="20220630 23:30:10.640"/>
</kw>
<kw name="Inserir Senha" library="intercompany_resources">
<arg>${password}</arg>
<arg>${filename}</arg>
<kw name="Input Text" library="Selenium2Library">
<arg>user-password</arg>
<arg>${password}</arg>
<doc>Types the given ``text`` into the text field identified by ``locator``.</doc>
<msg timestamp="20220630 23:30:10.642" level="INFO">Typing text '123' into text field 'user-password'.</msg>
<status status="PASS" starttime="20220630 23:30:10.642" endtime="20220630 23:30:10.719"/>
</kw>
<kw name="Capture Page Screenshot" library="Selenium2Library">
<arg>${filename}</arg>
<doc>Takes a screenshot of the current page and embeds it into a log file.</doc>
<msg timestamp="20220630 23:30:10.773" level="INFO" html="true">&lt;/td&gt;&lt;/tr&gt;&lt;tr&gt;&lt;td colspan="3"&gt;&lt;a href="selenium-screenshot-3.png"&gt;&lt;img src="selenium-screenshot-3.png" width="800px"&gt;&lt;/a&gt;</msg>
<status status="PASS" starttime="20220630 23:30:10.719" endtime="20220630 23:30:10.773"/>
</kw>
<status status="PASS" starttime="20220630 23:30:10.641" endtime="20220630 23:30:10.773"/>
</kw>
<kw name="Clicar no Botao para login" library="intercompany_resources">
<arg>${filename}</arg>
<kw name="Click Button" library="Selenium2Library">
<arg>SendLogin</arg>
<doc>Clicks the button identified by ``locator``.</doc>
<msg timestamp="20220630 23:30:10.775" level="INFO">Clicking button 'SendLogin'.</msg>
<status status="PASS" starttime="20220630 23:30:10.775" endtime="20220630 23:30:13.280"/>
</kw>
<status status="PASS" starttime="20220630 23:30:10.774" endtime="20220630 23:30:13.280"/>
</kw>
<kw name="Validar se o usuario foi logado com sucesso" library="intercompany_resources">
<arg>${filename}</arg>
<arg>${full_name}</arg>
<kw name="Title Should Be" library="Selenium2Library">
<arg>Bem vindo a Intercompany</arg>
<doc>Verifies that the current page title equals ``title``.</doc>
<msg timestamp="20220630 23:30:13.285" level="INFO">Page title is 'Bem vindo a Intercompany'.</msg>
<status status="PASS" starttime="20220630 23:30:13.281" endtime="20220630 23:30:13.285"/>
</kw>
<kw name="Wait Until Page Contains Element" library="Selenium2Library">
<arg>class=user-name</arg>
<arg>10</arg>
<doc>Waits until the element ``locator`` appears on the current page.</doc>
<status status="PASS" starttime="20220630 23:30:13.285" endtime="20220630 23:30:13.297"/>
</kw>
<kw name="Wait Until Page Contains Element" library="Selenium2Library">
<arg>class=user-status</arg>
<arg>10</arg>
<doc>Waits until the element ``locator`` appears on the current page.</doc>
<status status="PASS" starttime="20220630 23:30:13.297" endtime="20220630 23:30:13.307"/>
</kw>
<kw name="Sleep" library="BuiltIn">
<arg>10</arg>
<doc>Pauses the test executed for the given time.</doc>
<msg timestamp="20220630 23:30:23.317" level="INFO">Slept 10 seconds</msg>
<status status="PASS" starttime="20220630 23:30:13.307" endtime="20220630 23:30:23.317"/>
</kw>
<kw name="Page Should Contain" library="Selenium2Library">
<arg>Online</arg>
<doc>Verifies that current page contains ``text``.</doc>
<msg timestamp="20220630 23:30:23.317" level="INFO">Current page contains text 'Online'.</msg>
<status status="PASS" starttime="20220630 23:30:23.317" endtime="20220630 23:30:23.317"/>
</kw>
<kw name="Page Should Contain" library="Selenium2Library">
<arg>${full_name}</arg>
<doc>Verifies that current page contains ``text``.</doc>
<msg timestamp="20220630 23:30:23.332" level="INFO">Current page contains text 'João Paulo Alves'.</msg>
<status status="PASS" starttime="20220630 23:30:23.317" endtime="20220630 23:30:23.332"/>
</kw>
<kw name="Page Should Contain" library="Selenium2Library">
<arg>Você acabou de acessar o novo sistema</arg>
<doc>Verifies that current page contains ``text``.</doc>
<msg timestamp="20220630 23:30:23.348" level="INFO">Current page contains text 'Você acabou de acessar o novo sistema'.</msg>
<status status="PASS" starttime="20220630 23:30:23.332" endtime="20220630 23:30:23.348"/>
</kw>
<kw name="Wait Until Page Contains Element" library="Selenium2Library">
<arg>class=search-input-icon</arg>
<doc>Waits until the element ``locator`` appears on the current page.</doc>
<status status="PASS" starttime="20220630 23:30:23.348" endtime="20220630 23:30:23.363"/>
</kw>
<kw name="Capture Page Screenshot" library="Selenium2Library">
<arg>filename=${filename}</arg>
<doc>Takes a screenshot of the current page and embeds it into a log file.</doc>
<msg timestamp="20220630 23:30:23.456" level="INFO" html="true">&lt;/td&gt;&lt;/tr&gt;&lt;tr&gt;&lt;td colspan="3"&gt;&lt;a href="selenium-screenshot-4.png"&gt;&lt;img src="selenium-screenshot-4.png" width="800px"&gt;&lt;/a&gt;</msg>
<status status="PASS" starttime="20220630 23:30:23.363" endtime="20220630 23:30:23.456"/>
</kw>
<status status="PASS" starttime="20220630 23:30:13.281" endtime="20220630 23:30:23.456"/>
</kw>
<kw name="Fechar o navegador" library="intercompany_resources" type="TEARDOWN">
<kw name="Close Browser" library="Selenium2Library">
<doc>Closes the current browser.</doc>
<status status="PASS" starttime="20220630 23:30:23.464" endtime="20220630 23:30:25.519"/>
</kw>
<status status="PASS" starttime="20220630 23:30:23.456" endtime="20220630 23:30:25.519"/>
</kw>
<doc>Esse teste verifica se o usuário foi logado com sucesso
utilizando o usuário válido joao@gioio.com.br</doc>
<tag>login</tag>
<status status="PASS" starttime="20220630 23:30:02.822" endtime="20220630 23:30:25.519"/>
</test>
<test id="s1-t2" name="Caso de Teste 2 - Consultar unidades">
<kw name="Abrir o navegador" library="intercompany_resources" type="SETUP">
<arg>${LOGIN URL}</arg>
<arg>${BROWSER}</arg>
<arg>${OPTIONS}</arg>
<arg>${filename}</arg>
<kw name="Open Browser" library="Selenium2Library">
<arg>${LOGIN URL}</arg>
<arg>${BROWSER}</arg>
<arg>options=${OPTIONS}</arg>
<doc>Opens a new browser instance to the optional ``url``.</doc>
<msg timestamp="20220630 23:30:25.523" level="INFO">Opening browser 'chrome' to base url 'https://intercompany.herokuapp.com/index.php'.</msg>
<status status="PASS" starttime="20220630 23:30:25.523" endtime="20220630 23:30:30.465"/>
</kw>
<kw name="Title Should Be" library="Selenium2Library">
<arg>Intercompany</arg>
<doc>Verifies that the current page title equals ``title``.</doc>
<msg timestamp="20220630 23:30:30.469" level="INFO">Page title is 'Intercompany'.</msg>
<status status="PASS" starttime="20220630 23:30:30.465" endtime="20220630 23:30:30.469"/>
</kw>
<kw name="Capture Page Screenshot" library="Selenium2Library">
<arg>filename=${filename}</arg>
<doc>Takes a screenshot of the current page and embeds it into a log file.</doc>
<msg timestamp="20220630 23:30:30.521" level="INFO" html="true">&lt;/td&gt;&lt;/tr&gt;&lt;tr&gt;&lt;td colspan="3"&gt;&lt;a href="selenium-screenshot-5.png"&gt;&lt;img src="selenium-screenshot-5.png" width="800px"&gt;&lt;/a&gt;</msg>
<status status="PASS" starttime="20220630 23:30:30.469" endtime="20220630 23:30:30.521"/>
</kw>
<status status="PASS" starttime="20220630 23:30:25.522" endtime="20220630 23:30:30.521"/>
</kw>
<kw name="Inserir Usuario" library="intercompany_resources">
<arg>${username}</arg>
<arg>${filename}</arg>
<kw name="Input Text" library="Selenium2Library">
<arg>user-name</arg>
<arg>${username}</arg>
<doc>Types the given ``text`` into the text field identified by ``locator``.</doc>
<msg timestamp="20220630 23:30:30.523" level="INFO">Typing text 'joao@gioio.com.br' into text field 'user-name'.</msg>
<status status="PASS" starttime="20220630 23:30:30.522" endtime="20220630 23:30:30.606"/>
</kw>
<kw name="Capture Page Screenshot" library="Selenium2Library">
<arg>${filename}</arg>
<doc>Takes a screenshot of the current page and embeds it into a log file.</doc>
<msg timestamp="20220630 23:30:30.708" level="INFO" html="true">&lt;/td&gt;&lt;/tr&gt;&lt;tr&gt;&lt;td colspan="3"&gt;&lt;a href="selenium-screenshot-6.png"&gt;&lt;img src="selenium-screenshot-6.png" width="800px"&gt;&lt;/a&gt;</msg>
<status status="PASS" starttime="20220630 23:30:30.607" endtime="20220630 23:30:30.708"/>
</kw>
<status status="PASS" starttime="20220630 23:30:30.522" endtime="20220630 23:30:30.708"/>
</kw>
<kw name="Inserir Senha" library="intercompany_resources">
<arg>${password}</arg>
<arg>${filename}</arg>
<kw name="Input Text" library="Selenium2Library">
<arg>user-password</arg>
<arg>${password}</arg>
<doc>Types the given ``text`` into the text field identified by ``locator``.</doc>
<msg timestamp="20220630 23:30:30.710" level="INFO">Typing text '123' into text field 'user-password'.</msg>
<status status="PASS" starttime="20220630 23:30:30.709" endtime="20220630 23:30:30.784"/>
</kw>
<kw name="Capture Page Screenshot" library="Selenium2Library">
<arg>${filename}</arg>
<doc>Takes a screenshot of the current page and embeds it into a log file.</doc>
<msg timestamp="20220630 23:30:30.870" level="INFO" html="true">&lt;/td&gt;&lt;/tr&gt;&lt;tr&gt;&lt;td colspan="3"&gt;&lt;a href="selenium-screenshot-7.png"&gt;&lt;img src="selenium-screenshot-7.png" width="800px"&gt;&lt;/a&gt;</msg>
<status status="PASS" starttime="20220630 23:30:30.784" endtime="20220630 23:30:30.870"/>
</kw>
<status status="PASS" starttime="20220630 23:30:30.709" endtime="20220630 23:30:30.870"/>
</kw>
<kw name="Clicar no Botao para login" library="intercompany_resources">
<arg>${filename}</arg>
<kw name="Click Button" library="Selenium2Library">
<arg>SendLogin</arg>
<doc>Clicks the button identified by ``locator``.</doc>
<msg timestamp="20220630 23:30:30.872" level="INFO">Clicking button 'SendLogin'.</msg>
<status status="PASS" starttime="20220630 23:30:30.871" endtime="20220630 23:30:32.819"/>
</kw>
<status status="PASS" starttime="20220630 23:30:30.871" endtime="20220630 23:30:32.819"/>
</kw>
<kw name="Clicar em listar unidade" library="intercompany_resources">
<arg>${filename}</arg>
<kw name="Click Button" library="Selenium2Library">
<arg>id=listar-unidades</arg>
<doc>Clicks the button identified by ``locator``.</doc>
<msg timestamp="20220630 23:30:32.820" level="INFO">Clicking button 'id=listar-unidades'.</msg>
<status status="PASS" starttime="20220630 23:30:32.820" endtime="20220630 23:30:34.275"/>
</kw>
<status status="PASS" starttime="20220630 23:30:32.819" endtime="20220630 23:30:34.275"/>
</kw>
<kw name="No campo de pesquisa inserir a unidade de Tanabi" library="intercompany_resources">
<arg>${unidade}</arg>
<arg>${filename}</arg>
<kw name="Wait Until Page Contains Element" library="Selenium2Library">
<arg>//input[@type="search"]</arg>
<doc>Waits until the element ``locator`` appears on the current page.</doc>
<status status="PASS" starttime="20220630 23:30:34.276" endtime="20220630 23:30:34.717"/>
</kw>
<kw name="Input Text" library="Selenium2Library">
<arg>//input[@type="search"]</arg>
<arg>${unidade}</arg>
<doc>Types the given ``text`` into the text field identified by ``locator``.</doc>
<msg timestamp="20220630 23:30:34.718" level="INFO">Typing text 'Tanabi' into text field '//input[@type="search"]'.</msg>
<status status="PASS" starttime="20220630 23:30:34.718" endtime="20220630 23:30:34.814"/>
</kw>
<kw name="Capture Page Screenshot" library="Selenium2Library">
<arg>filename=${filename}</arg>
<doc>Takes a screenshot of the current page and embeds it into a log file.</doc>
<msg timestamp="20220630 23:30:34.874" level="INFO" html="true">&lt;/td&gt;&lt;/tr&gt;&lt;tr&gt;&lt;td colspan="3"&gt;&lt;a href="selenium-screenshot-8.png"&gt;&lt;img src="selenium-screenshot-8.png" width="800px"&gt;&lt;/a&gt;</msg>
<status status="PASS" starttime="20220630 23:30:34.816" endtime="20220630 23:30:34.874"/>
</kw>
<status status="PASS" starttime="20220630 23:30:34.275" endtime="20220630 23:30:34.874"/>
</kw>
<kw name="Validar se os valores retornados" library="intercompany_resources">
<arg>${unidade}</arg>
<arg>${cep}</arg>
<arg>${logradouro}</arg>
<arg>${numero}</arg>
<arg>${complemento}</arg>
<arg>${bairro}</arg>
<arg>${cidade}</arg>
<arg>${estado}</arg>
<arg>${filename}</arg>
<kw name="Wait Until Page Contains Element" library="Selenium2Library">
<arg>//*[@class="table zero-configuration dataTable"]/tbody</arg>
<doc>Waits until the element ``locator`` appears on the current page.</doc>
<status status="PASS" starttime="20220630 23:30:34.876" endtime="20220630 23:30:34.887"/>
</kw>
<kw name="Table Should Contain" library="Selenium2Library">
<arg>//*[@class="table zero-configuration dataTable"]/tbody/tr</arg>
<arg>${unidade}</arg>
<doc>Verifies table contains text ``expected``.</doc>
<status status="PASS" starttime="20220630 23:30:34.887" endtime="20220630 23:30:34.923"/>
</kw>
<kw name="Table Should Contain" library="Selenium2Library">
<arg>//*[@class="table zero-configuration dataTable"]/tbody</arg>
<arg>${cep}</arg>
<doc>Verifies table contains text ``expected``.</doc>
<status status="PASS" starttime="20220630 23:30:34.924" endtime="20220630 23:30:34.960"/>
</kw>
<kw name="Table Should Contain" library="Selenium2Library">
<arg>//*[@class="table zero-configuration dataTable"]/tbody</arg>
<arg>${logradouro}</arg>
<doc>Verifies table contains text ``expected``.</doc>
<status status="PASS" starttime="20220630 23:30:34.960" endtime="20220630 23:30:34.987"/>
</kw>
<kw name="Table Should Contain" library="Selenium2Library">
<arg>//*[@class="table zero-configuration dataTable"]/tbody</arg>
<arg>${numero}</arg>
<doc>Verifies table contains text ``expected``.</doc>
<status status="PASS" starttime="20220630 23:30:34.988" endtime="20220630 23:30:35.015"/>
</kw>
<kw name="Table Should Contain" library="Selenium2Library">
<arg>//*[@class="table zero-configuration dataTable"]/tbody</arg>
<arg>${complemento}</arg>
<doc>Verifies table contains text ``expected``.</doc>
<status status="PASS" starttime="20220630 23:30:35.016" endtime="20220630 23:30:35.040"/>
</kw>
<kw name="Table Should Contain" library="Selenium2Library">
<arg>//*[@class="table zero-configuration dataTable"]/tbody</arg>
<arg>${bairro}</arg>
<doc>Verifies table contains text ``expected``.</doc>
<status status="PASS" starttime="20220630 23:30:35.040" endtime="20220630 23:30:35.071"/>
</kw>
<kw name="Table Should Contain" library="Selenium2Library">
<arg>//*[@class="table zero-configuration dataTable"]/tbody</arg>
<arg>${cidade}</arg>
<doc>Verifies table contains text ``expected``.</doc>
<status status="PASS" starttime="20220630 23:30:35.071" endtime="20220630 23:30:35.087"/>
</kw>
<kw name="Table Should Contain" library="Selenium2Library">
<arg>//*[@class="table zero-configuration dataTable"]/tbody</arg>
<arg>${estado}</arg>
<doc>Verifies table contains text ``expected``.</doc>
<status status="PASS" starttime="20220630 23:30:35.087" endtime="20220630 23:30:35.118"/>
</kw>
<kw name="Capture Page Screenshot" library="Selenium2Library">
<arg>filename=${filename}</arg>
<doc>Takes a screenshot of the current page and embeds it into a log file.</doc>
<msg timestamp="20220630 23:30:35.171" level="INFO" html="true">&lt;/td&gt;&lt;/tr&gt;&lt;tr&gt;&lt;td colspan="3"&gt;&lt;a href="selenium-screenshot-9.png"&gt;&lt;img src="selenium-screenshot-9.png" width="800px"&gt;&lt;/a&gt;</msg>
<status status="PASS" starttime="20220630 23:30:35.118" endtime="20220630 23:30:35.172"/>
</kw>
<status status="PASS" starttime="20220630 23:30:34.875" endtime="20220630 23:30:35.172"/>
</kw>
<kw name="Fechar o navegador" library="intercompany_resources" type="TEARDOWN">
<kw name="Close Browser" library="Selenium2Library">
<doc>Closes the current browser.</doc>
<status status="PASS" starttime="20220630 23:30:35.173" endtime="20220630 23:30:37.224"/>
</kw>
<status status="PASS" starttime="20220630 23:30:35.172" endtime="20220630 23:30:37.224"/>
</kw>
<doc>Esse teste faz a consulta de unidades
utilizando o usuário logado válido joao@gioio.com.br</doc>
<tag>consulta unidade</tag>
<status status="PASS" starttime="20220630 23:30:25.522" endtime="20220630 23:30:37.224"/>
</test>
<doc>Esse é o teste para o site da intercompany</doc>
<status status="PASS" starttime="20220630 23:30:02.587" endtime="20220630 23:30:37.226"/>
</suite>
<statistics>
<total>
<stat pass="2" fail="0" skip="0">All Tests</stat>
</total>
<tag>
<stat pass="1" fail="0" skip="0">consulta unidade</stat>
<stat pass="1" fail="0" skip="0">login</stat>
</tag>
<suite>
<stat pass="2" fail="0" skip="0" id="s1" name="Intercompany Test">Intercompany Test</stat>
</suite>
</statistics>
<errors>
</errors>
</robot>
