<?xml version="1.0" encoding="UTF-8"?>
<robot generator="Robot 4.0 (Python 3.10.5 on win32)" generated="20220623 12:54:06.917" rpa="false" schemaversion="2">
<suite id="s1" name="Intercompany Test" source="D:\Users\Cursos\Faculdade\Univesp\Ciencia de dados\pi-semestr6\testerobotframework\intercompany_test.robot">
<test id="s1-t1" name="Caso de Teste 1 - Validar Login">
<kw name="Abrir o navegador" library="intercompany_resources" type="SETUP">
<arg>${LOGIN URL}</arg>
<arg>${BROWSER}</arg>
<kw name="Open Browser" library="Selenium2Library">
<arg>${LOGIN URL}</arg>
<arg>${BROWSER}</arg>
<doc>Opens a new browser instance to the optional ``url``.</doc>
<msg timestamp="20220623 12:54:07.137" level="INFO">Opening browser 'Chrome' to base url 'https://intercompany.herokuapp.com/index.php'.</msg>
<status status="PASS" starttime="20220623 12:54:07.137" endtime="20220623 12:54:12.431"/>
</kw>
<kw name="Title Should Be" library="Selenium2Library">
<arg>Intercompany</arg>
<doc>Verifies that the current page title equals ``title``.</doc>
<msg timestamp="20220623 12:54:12.437" level="INFO">Page title is 'Intercompany'.</msg>
<status status="PASS" starttime="20220623 12:54:12.431" endtime="20220623 12:54:12.437"/>
</kw>
<status status="PASS" starttime="20220623 12:54:07.136" endtime="20220623 12:54:12.437"/>
</kw>
<kw name="Inserir Usuario" library="intercompany_resources">
<arg>${username}</arg>
<kw name="Input Text" library="Selenium2Library">
<arg>user-name</arg>
<arg>${username}</arg>
<doc>Types the given ``text`` into the text field identified by ``locator``.</doc>
<msg timestamp="20220623 12:54:12.439" level="INFO">Typing text 'joao@gioio.com.br' into text field 'user-name'.</msg>
<status status="PASS" starttime="20220623 12:54:12.438" endtime="20220623 12:54:12.539"/>
</kw>
<status status="PASS" starttime="20220623 12:54:12.438" endtime="20220623 12:54:12.539"/>
</kw>
<kw name="Inserir Senha" library="intercompany_resources">
<arg>${password}</arg>
<kw name="Input Text" library="Selenium2Library">
<arg>user-password</arg>
<arg>${password}</arg>
<doc>Types the given ``text`` into the text field identified by ``locator``.</doc>
<msg timestamp="20220623 12:54:12.541" level="INFO">Typing text '123' into text field 'user-password'.</msg>
<status status="PASS" starttime="20220623 12:54:12.540" endtime="20220623 12:54:12.629"/>
</kw>
<status status="PASS" starttime="20220623 12:54:12.540" endtime="20220623 12:54:12.629"/>
</kw>
<kw name="Clicar no Botao para login" library="intercompany_resources">
<kw name="Click Button" library="Selenium2Library">
<arg>SendLogin</arg>
<doc>Clicks the button identified by ``locator``.</doc>
<msg timestamp="20220623 12:54:12.630" level="INFO">Clicking button 'SendLogin'.</msg>
<status status="PASS" starttime="20220623 12:54:12.630" endtime="20220623 12:54:14.968"/>
</kw>
<status status="PASS" starttime="20220623 12:54:12.630" endtime="20220623 12:54:14.968"/>
</kw>
<kw name="Validar se o usuario foi logado com sucesso" library="intercompany_resources">
<kw name="Title Should Be" library="Selenium2Library">
<arg>Bem vindo a Intercompany</arg>
<doc>Verifies that the current page title equals ``title``.</doc>
<msg timestamp="20220623 12:54:14.972" level="INFO">Page title is 'Bem vindo a Intercompany'.</msg>
<status status="PASS" starttime="20220623 12:54:14.969" endtime="20220623 12:54:14.973"/>
</kw>
<status status="PASS" starttime="20220623 12:54:14.969" endtime="20220623 12:54:14.973"/>
</kw>
<kw name="Fechar o navegador" library="intercompany_resources" type="TEARDOWN">
<kw name="Close Browser" library="Selenium2Library">
<doc>Closes the current browser.</doc>
<status status="PASS" starttime="20220623 12:54:14.974" endtime="20220623 12:54:17.219"/>
</kw>
<status status="PASS" starttime="20220623 12:54:14.973" endtime="20220623 12:54:17.219"/>
</kw>
<doc>Esse teste verifica se o usuário foi logado com sucesso
utilizando o usuário válido joao@gioio.com.br</doc>
<tag>login</tag>
<status status="PASS" starttime="20220623 12:54:07.136" endtime="20220623 12:54:17.219"/>
</test>
<doc>Esse é o teste para o site da intercompany</doc>
<status status="PASS" starttime="20220623 12:54:06.917" endtime="20220623 12:54:17.222"/>
</suite>
<statistics>
<total>
<stat pass="1" fail="0" skip="0">All Tests</stat>
</total>
<tag>
<stat pass="1" fail="0" skip="0">login</stat>
</tag>
<suite>
<stat pass="1" fail="0" skip="0" id="s1" name="Intercompany Test">Intercompany Test</stat>
</suite>
</statistics>
<errors>
</errors>
</robot>
